<?xml version="1.0" encoding="UTF-8"?>
<!-- Generated by org.testng.reporters.JUnitReportReporter -->
<testsuite hostname="LAPTOP-2Q5AHFQA" failures="0" tests="1" name="projectclassses.AddtocartTestclass" time="4.034" errors="0" timestamp="2023-05-26T13:53:07 IST" skipped="0">
  <testcase classname="projectclassses.AddtocartTestclass" name="verifyAddtocartTestclass" time="4.034"/>
  <system-out/>
</testsuite> <!-- projectclassses.AddtocartTestclass -->
