<?xml version="1.0" encoding="UTF-8"?>
<!-- Generated by org.testng.reporters.JUnitReportReporter -->
<testsuite hostname="LAPTOP-2Q5AHFQA" failures="0" tests="1" name="testNg.Testngclass1" time="0.001" errors="0" timestamp="2023-05-26T13:53:07 IST" skipped="0">
  <testcase classname="testNg.Testngclass1" name="method1" time="0.001"/>
  <system-out/>
</testsuite> <!-- testNg.Testngclass1 -->
