<?xml version="1.0" encoding="UTF-8"?>
<!-- Generated by org.testng.reporters.JUnitReportReporter -->
<testsuite hostname="LAPTOP-2Q5AHFQA" failures="0" tests="3" name="testNg.Testclass1" time="1.917" errors="0" timestamp="2023-05-26T14:05:44 IST" skipped="0">
  <testcase classname="testNg.Testclass1" name="TC_01verifyloginfunctionality" time="0.566"/>
  <system-out/>
  <testcase classname="testNg.Testclass1" name="TC_03verifyaddtocartfunctionality" time="0.769"/>
  <system-out/>
  <testcase classname="testNg.Testclass1" name="TC_02verifylogoutfunctionality" time="0.582"/>
  <system-out/>
</testsuite> <!-- testNg.Testclass1 -->
