<?xml version="1.0" encoding="UTF-8"?>
<!-- Generated by org.testng.reporters.JUnitReportReporter -->
<testsuite hostname="LAPTOP-2Q5AHFQA" failures="0" tests="2" name="testNg.Assertion" time="0.007" errors="0" timestamp="2023-05-26T13:53:07 IST" skipped="0">
  <testcase classname="testNg.Assertion" name="method2" time="0.003"/>
  <system-out/>
  <testcase classname="testNg.Assertion" name="method1" time="0.004"/>
  <system-out/>
</testsuite> <!-- testNg.Assertion -->
