<?xml version="1.0" encoding="UTF-8"?>
<!-- Generated by org.testng.reporters.JUnitReportReporter -->
<testsuite hostname="LAPTOP-2Q5AHFQA" failures="0" tests="1" name="testNg.Testnganootaions" time="2.773" errors="0" timestamp="2023-05-26T13:53:07 IST" skipped="0">
  <testcase classname="testNg.Testnganootaions" name="verifyaddtocartfunctionality" time="2.773"/>
  <system-out/>
</testsuite> <!-- testNg.Testnganootaions -->
